[LOG] System::create                           : Header version = 2.02.03. Current version = 2.02.03.
[LOG] Manager::init                            : maxchannels = 256 studioflags = 00000006 flags 00000000 extradriverdata 0000000000000000.
[LOG] SystemI::init                            : Initialize version=20203 (120077), maxchannels=256, flags=0x00020000
[LOG] SystemI::setOutputInternal               : Setting output to 'FMOD WASAPI Output'
[LOG] OutputWASAPI::init                       : Mix Format (WAVEFORMATEX): wFormatTag=0xFFFE, nChannels=2, nSamplesPerSec=48000, nAvgBytesPerSec=384000, nBlockAlign=8, wBitsPerSample=32, cbSize=22.
[LOG] OutputWASAPI::init                       : Mix Format (WAVEFORMATEXTENSIBLE): wValidBitsPerSample=32, dwChannelMask=0x00000003, SubFormat=00000003-0000-0010-8000-00AA00389B71.
[LOG] OutputWASAPI::init                       : Output buffer size: 4096 samples, latency: 0.00ms, period: 10.00ms, DSP buffer: 1024 * 4
[LOG] Thread::initThread                       : Init FMOD stream thread. Affinity: 0x4000000000000003, Priority: 0xFFFF7FFB, Stack Size: 98304, Semaphore: No, Sleep Time: 10, Looping: Yes.
[LOG] Thread::initThread                       : Init FMOD mixer thread. Affinity: 0x4000000000000001, Priority: 0xFFFF7FFA, Stack Size: 81920, Semaphore: No, Sleep Time: 0, Looping: Yes.
[LOG] AsyncManager::init                       : manager 0000026DC943A538 isAsync 0 updatePeriod 0.02
[LOG] AsyncManager::init                       : done
[LOG] PlaybackSystem::init                     : 
[LOG] Thread::initThread                       : Init FMOD Studio sample load thread. Affinity: 0x4000000000000003, Priority: 0xFFFF7FFD, Stack Size: 98304, Semaphore: No, Sleep Time: 1, Looping: No.
[LOG] PlaybackSystem::init                     : done
[LOG] Thread::initThread                       : Init FMOD Studio bank load thread. Affinity: 0x4000000000000003, Priority: 0xFFFF7FFD, Stack Size: 98304, Semaphore: No, Sleep Time: 1, Looping: No.
[LOG] Manager::init                            : done.
[LOG] SystemI::createSoundInternal             : Create name='', mode=0x02000202
[LOG] SystemI::createSoundInternal             : exinfo->cbsize             = 224
[LOG] SystemI::createSoundInternal             : exinfo->length             = 2833760
[LOG] SystemI::createSoundInternal             : exinfo->fileoffset         = 19104
[LOG] SystemI::createSoundInternal             : exinfo->numsubsounds       = 1
[LOG] SystemI::createSoundInternal             : exinfo->inclusionlist      = 000000C27C04F578
[LOG] SystemI::createSoundInternal             : exinfo->inclusionlistnum   = 1
[LOG] SystemI::createSoundInternal             : exinfo->suggestedsoundtype = 5
[LOG] SystemI::createSoundInternal             : exinfo->useropen           = 00007FFC0B60F920
[LOG] SystemI::createSoundInternal             : exinfo->userclose          = 00007FFC0B60F8F0
[LOG] SystemI::createSoundInternal             : exinfo->userread           = 00007FFC0B60F9F0
[LOG] SystemI::createSoundInternal             : exinfo->userseek           = 00007FFC0B60FAB0
[LOG] SystemI::createSoundInternal             : exinfo->fileuserdata       = 0000026D19C2E6B8
[LOG] SystemI::createSoundInternal             : exinfo->initialseekpostype = 1
[LOG] SystemI::DSPCodecPoolRegister            : register codec pool for pool type 5
[LOG] SystemI::createSoundInternal             : Sample 0/1: name='Bruh.MP3', format=5, channels=2, frequency=48000, lengthbytes=4672, lengthpcm=61440, pcmblocksize=0, loopstart=0, loopend=0, mode=0x00000000, channelmask=0x00000000, channelorder=0, peakvolume=0.477844.
[LOG] SystemI::createSoundInternal             : Create name='', mode=0x02000202
[LOG] SystemI::createSoundInternal             : exinfo->cbsize             = 224
[LOG] SystemI::createSoundInternal             : exinfo->length             = 2833760
[LOG] SystemI::createSoundInternal             : exinfo->fileoffset         = 19104
[LOG] SystemI::createSoundInternal             : exinfo->numsubsounds       = 1
[LOG] SystemI::createSoundInternal             : exinfo->inclusionlist      = 000000C27C04F578
[LOG] SystemI::createSoundInternal             : exinfo->inclusionlistnum   = 1
[LOG] SystemI::createSoundInternal             : exinfo->suggestedsoundtype = 5
[LOG] SystemI::createSoundInternal             : exinfo->useropen           = 00007FFC0B60F920
[LOG] SystemI::createSoundInternal             : exinfo->userclose          = 00007FFC0B60F8F0
[LOG] SystemI::createSoundInternal             : exinfo->userread           = 00007FFC0B60F9F0
[LOG] SystemI::createSoundInternal             : exinfo->userseek           = 00007FFC0B60FAB0
[LOG] SystemI::createSoundInternal             : exinfo->fileuserdata       = 0000026D18E5AFE8
[LOG] SystemI::createSoundInternal             : exinfo->initialseekpostype = 1
[LOG] SystemI::DSPCodecPoolRegister            : register codec pool for pool type 5
[LOG] SystemI::createSoundInternal             : Sample 0/1: name='Scary walk', format=5, channels=2, frequency=48000, lengthbytes=55424, lengthpcm=224235, pcmblocksize=0, loopstart=0, loopend=0, mode=0x00000000, channelmask=0x00000000, channelorder=0, peakvolume=0.119448.
[LOG] SystemI::createSound                     : filename = FMODProject/Build/Desktop/Master.bank : mode 02010082
[LOG] SystemI::createSound                     : FMOD_NONBLOCKING specified.  Putting into queue to be opened asynchronously!
[LOG] SystemI::createSound                     : setdata soundi = 0000026D1B4E3528 : node = 0000026DA4037690
[LOG] SystemI::createSound                     : add node to async list : head = 0000026DCC808528.  list count = 0
[LOG] AsyncThread::threadFunc                  : Starting Asynchronous operation on sound 0000026D1B4E3528
[LOG] SystemI::createSound                     : filename = FMODProject/Build/Desktop/Master.bank : mode 02010082
[LOG] SystemI::createSoundInternal             :     Create name='FMODProject/Build/Desktop/Master.bank', mode=0x02010082
[LOG] SystemI::createSound                     :     FMOD_NONBLOCKING specified.  Putting into queue to be opened asynchronously!
[LOG] SystemI::createSoundInternal             :     exinfo->cbsize             = 224
[LOG] SystemI::createSoundInternal             :     exinfo->length             = 2833760
[LOG] SystemI::createSound                     :     setdata soundi = 0000026D1B4E3378 : node = 0000026DCD461AB0
[LOG] SystemI::createSoundInternal             :     exinfo->fileoffset         = 19104
[LOG] SystemI::createSound                     :     add node to async list : head = 0000026DCC808528.  list count = 0
[LOG] SystemI::createSoundInternal             :     exinfo->numsubsounds       = 1
[LOG] SystemI::createSoundInternal             :     exinfo->inclusionlist      = 0000026DA40377A0
[LOG] SystemI::createSoundInternal             :     exinfo->inclusionlistnum   = 1
[LOG] SystemI::createSoundInternal             :     exinfo->suggestedsoundtype = 5
[LOG] SystemI::createSoundInternal             :     exinfo->initialseekposition = 1550
[LOG] SystemI::createSoundInternal             :     exinfo->initialseekpostype = 1
[LOG] SystemI::createSoundInternal             :     Stream 0/1: name='Breathing', format=5, channels=2, frequency=48000, lengthbytes=136928, lengthpcm=549926, pcmblocksize=0, loopstart=0, loopend=0, mode=0x00000000, channelmask=0x00000000, channelorder=0, peakvolume=0.181333.
[LOG] AsyncThread::threadFunc                  : Finished Asynchronous operation on sound 0000026D1B4E3528
[LOG] AsyncThread::threadFunc                  : Starting Asynchronous operation on sound 0000026D1B4E3378
[LOG] SystemI::createSoundInternal             :     Create name='FMODProject/Build/Desktop/Master.bank', mode=0x02010082
[LOG] SystemI::createSoundInternal             :     exinfo->cbsize             = 224
[LOG] SystemI::createSoundInternal             :     exinfo->length             = 2833760
[LOG] SystemI::createSoundInternal             :     exinfo->fileoffset         = 19104
[LOG] SystemI::createSoundInternal             :     exinfo->numsubsounds       = 1
[LOG] SystemI::createSoundInternal             :     exinfo->inclusionlist      = 0000026DCD461BC0
[LOG] SystemI::createSoundInternal             :     exinfo->inclusionlistnum   = 1
[LOG] SystemI::createSoundInternal             :     exinfo->suggestedsoundtype = 5
[LOG] SystemI::createSoundInternal             :     exinfo->initialseekposition = 1550
[LOG] SystemI::createSoundInternal             :     exinfo->initialseekpostype = 1
[LOG] SystemI::createSoundInternal             :     Stream 0/1: name='Breathing', format=5, channels=2, frequency=48000, lengthbytes=136928, lengthpcm=549926, pcmblocksize=0, loopstart=0, loopend=0, mode=0x00000000, channelmask=0x00000000, channelorder=0, peakvolume=0.181333.
[LOG] AsyncThread::threadFunc                  : Finished Asynchronous operation on sound 0000026D1B4E3378
[LOG] SystemI::createSound                     : filename = FMODProject/Build/Desktop/Master.bank : mode 02010082
[LOG] SystemI::createSound                     : FMOD_NONBLOCKING specified.  Putting into queue to be opened asynchronously!
[LOG] SystemI::createSound                     : setdata soundi = 0000026D1B4E31C8 : node = 0000026DCD461FB0
[LOG] SystemI::createSound                     : add node to async list : head = 0000026DCC808528.  list count = 0
[LOG] AsyncThread::threadFunc                  : Starting Asynchronous operation on sound 0000026D1B4E31C8
[LOG] SystemI::createSoundInternal             :     Create name='FMODProject/Build/Desktop/Master.bank', mode=0x02010082
[LOG] SystemI::createSoundInternal             :     exinfo->cbsize             = 224
[LOG] SystemI::createSoundInternal             :     exinfo->length             = 2833760
[LOG] SystemI::createSoundInternal             :     exinfo->fileoffset         = 19104
[LOG] SystemI::createSoundInternal             :     exinfo->numsubsounds       = 1
[LOG] SystemI::createSoundInternal             :     exinfo->inclusionlist      = 0000026DCD4620C0
[LOG] SystemI::createSoundInternal             :     exinfo->inclusionlistnum   = 1
[LOG] SystemI::createSoundInternal             :     exinfo->suggestedsoundtype = 5
[LOG] SystemI::createSoundInternal             :     exinfo->initialseekposition = 1550
[LOG] SystemI::createSoundInternal             :     exinfo->initialseekpostype = 1
[LOG] SystemI::createSoundInternal             :     Stream 0/1: name='Breathing', format=5, channels=2, frequency=48000, lengthbytes=136928, lengthpcm=549926, pcmblocksize=0, loopstart=0, loopend=0, mode=0x00000000, channelmask=0x00000000, channelorder=0, peakvolume=0.181333.
[LOG] AsyncThread::threadFunc                  : Finished Asynchronous operation on sound 0000026D1B4E31C8
[LOG] SystemI::createSound                     : filename = FMODProject/Build/Desktop/Master.bank : mode 02010082
[LOG] SystemI::createSound                     : FMOD_NONBLOCKING specified.  Putting into queue to be opened asynchronously!
[LOG] SystemI::createSound                     : setdata soundi = 0000026DCE39A2F8 : node = 0000026DCD462370
[LOG] SystemI::createSound                     : add node to async list : head = 0000026DCC808528.  list count = 0
[LOG] AsyncThread::threadFunc                  : Starting Asynchronous operation on sound 0000026DCE39A2F8
[LOG] SystemI::createSoundInternal             :     Create name='FMODProject/Build/Desktop/Master.bank', mode=0x02010082
[LOG] SystemI::createSoundInternal             :     exinfo->cbsize             = 224
[LOG] SystemI::createSoundInternal             :     exinfo->length             = 2833760
[LOG] SystemI::createSoundInternal             :     exinfo->fileoffset         = 19104
[LOG] SystemI::createSoundInternal             :     exinfo->numsubsounds       = 1
[LOG] SystemI::createSoundInternal             :     exinfo->inclusionlist      = 0000026DCD462480
[LOG] SystemI::createSoundInternal             :     exinfo->inclusionlistnum   = 1
[LOG] SystemI::createSoundInternal             :     exinfo->suggestedsoundtype = 5
[LOG] SystemI::createSoundInternal             :     exinfo->initialseekposition = 1550
[LOG] SystemI::createSoundInternal             :     exinfo->initialseekpostype = 1
[LOG] SystemI::createSoundInternal             :     Stream 0/1: name='Breathing', format=5, channels=2, frequency=48000, lengthbytes=136928, lengthpcm=549926, pcmblocksize=0, loopstart=0, loopend=0, mode=0x00000000, channelmask=0x00000000, channelorder=0, peakvolume=0.181333.
[LOG] AsyncThread::threadFunc                  : Finished Asynchronous operation on sound 0000026DCE39A2F8
[LOG] SoundI::release                          : Breathing (0000026D1B4E3528)
[LOG] SoundI::release                          :     Breathing (0000026D1EEFD298)
[LOG] SoundI::release                          :     Breathing (0000026DCDADF378)
[LOG] SoundI::release                          : Breathing (0000026D1B4E3378)
[LOG] SoundI::release                          :     Breathing (0000026D1EEFB898)
[LOG] SoundI::release                          :     Breathing (0000026DCDADF6D8)
[LOG] SoundI::release                          : Breathing (0000026DCE39A2F8)
[LOG] SoundI::release                          :     Breathing (0000026D1EEFDC58)
[LOG] SoundI::release                          :     Breathing (0000026DCDADF888)
[LOG] SoundI::release                          : Breathing (0000026D1B4E31C8)
[LOG] SoundI::release                          :     Breathing (0000026D1EEFD5D8)
[LOG] SoundI::release                          :     Breathing (0000026DCDADF528)
[LOG] SoundI::release                          : Brrrrrrrrrrrrrrrrrr (0000026D1BF3BAA8)
[LOG] SoundI::release                          :     Brrrrrrrrrrrrrrrrrr (0000026D1EEFCC18)
[LOG] SoundI::release                          :     Brrrrrrrrrrrrrrrrrr (0000026DCC820238)
[LOG] SoundI::release                          :  (0000026D1E3046F8)
[LOG] SoundI::release                          :     Bruh.MP3 (0000026D1EEFCA78)
[LOG] SoundI::release                          :  (0000026D1E305838)
[LOG] SoundI::release                          :     Scary walk (0000026D1EEFBD78)
[LOG] Thread::callback                         : FMOD Studio update thread finished.
[LOG] Thread::callback                         : FMOD Studio bank load thread finished.
[LOG] Profile::disconnectAll                   : Profiler disconnecting all clients
[LOG] Thread::callback                         : FMOD Studio sample load thread finished.
[LOG] LiveUpdate::release                      : 
[LOG] LiveUpdate::reset                        : Reset connection (reason Disconnected)
[LOG] Thread::callback                         : FMOD stream thread finished.
[LOG] Thread::callback                         : FMOD mixer thread finished.
[LOG] Profile::disconnectAll                   : Profiler disconnecting all clients
[LOG] SystemI::close                           : Closed.
[WRN] ObjectLookup::get                        : Lookup failed for EventModel: {2c73e1b4-fdf8-48af-80d6-e69168597eac}
[WRN] ObjectLookup::get                        : Lookup failed for EventModel: {2c73e1b4-fdf8-48af-80d6-e69168597eac}
[WRN] ObjectLookup::get                        : Lookup failed for EventModel: {2c73e1b4-fdf8-48af-80d6-e69168597eac}
[WRN] ObjectLookup::get                        : Lookup failed for EventModel: {2c73e1b4-fdf8-48af-80d6-e69168597eac}
[WRN] ObjectLookup::get                        : Lookup failed for EventModel: {2c73e1b4-fdf8-48af-80d6-e69168597eac}
[WRN] ObjectLookup::get                        : Lookup failed for EventModel: {2c73e1b4-fdf8-48af-80d6-e69168597eac}
[WRN] ObjectLookup::get                        : Lookup failed for EventModel: {2c73e1b4-fdf8-48af-80d6-e69168597eac}
[WRN] ObjectLookup::get                        : Lookup failed for EventModel: {2c73e1b4-fdf8-48af-80d6-e69168597eac}
[WRN] ObjectLookup::get                        : Lookup failed for EventModel: {2c73e1b4-fdf8-48af-80d6-e69168597eac}
[WRN] ObjectLookup::get                        : Lookup failed for EventModel: {2c73e1b4-fdf8-48af-80d6-e69168597eac}
[WRN] ObjectLookup::get                        : Lookup failed for EventModel: {2c73e1b4-fdf8-48af-80d6-e69168597eac}
[WRN] ObjectLookup::get                        : Lookup failed for EventModel: {2c73e1b4-fdf8-48af-80d6-e69168597eac}
[WRN] ObjectLookup::get                        : Lookup failed for EventModel: {2c73e1b4-fdf8-48af-80d6-e69168597eac}
[WRN] ObjectLookup::get                        : Lookup failed for EventModel: {2c73e1b4-fdf8-48af-80d6-e69168597eac}
[WRN] ObjectLookup::get                        : Lookup failed for EventModel: {2c73e1b4-fdf8-48af-80d6-e69168597eac}
[WRN] ObjectLookup::get                        : Lookup failed for EventModel: {2c73e1b4-fdf8-48af-80d6-e69168597eac}
[WRN] ObjectLookup::get                        : Lookup failed for EventModel: {ff933e6b-d42a-4e34-9595-18d81449e5dd}
