Using pre-set license
Built from '2020.3/release' branch; Version is '2020.3.1f1 (77a89f25062f) revision 7841951'; Using compiler version '192528614'; Build Type 'Release'
OS: 'Windows 10 Pro; OS build 19042.1348; Version 2009; 64bit' Language: 'en' Physical Memory: 32656 MB
BatchMode: 1, IsHumanControllingUs: 0, StartBugReporterOnCrash: 0, Is64bit: 1, IsPro: 0

 COMMAND LINE ARGUMENTS:
C:\Program Files\Unity\Hub\Editor\2020.3.1f1\Editor\Unity.exe
-adb2
-batchMode
-noUpm
-name
AssetImportWorker0
-projectPath
D:/Git/Unity
-logFile
Logs/AssetImportWorker0.log
-srvPort
60374
Successfully changed project path to: D:/Git/Unity
D:/Git/Unity
Using Asset Import Pipeline V2.
Refreshing native plugins compatible for Editor in 46.16 ms, found 2 plugins.
Preloading 0 native plugins for Editor in 0.00 ms.
Initialize engine version: 2020.3.1f1 (77a89f25062f)
[Subsystems] Discovering subsystems at path C:/Program Files/Unity/Hub/Editor/2020.3.1f1/Editor/Data/Resources/UnitySubsystems
[Subsystems] Discovering subsystems at path D:/Git/Unity/Assets
GfxDevice: creating device client; threaded=0
Direct3D:
    Version:  Direct3D 11.0 [level 11.1]
    Renderer: NVIDIA GeForce GTX 1070 (ID=0x1b81)
    Vendor:   
    VRAM:     8088 MB
    Driver:   30.0.14.9676
Initialize mono
Mono path[0] = 'C:/Program Files/Unity/Hub/Editor/2020.3.1f1/Editor/Data/Managed'
Mono path[1] = 'C:/Program Files/Unity/Hub/Editor/2020.3.1f1/Editor/Data/MonoBleedingEdge/lib/mono/unityjit'
Mono config path = 'C:/Program Files/Unity/Hub/Editor/2020.3.1f1/Editor/Data/MonoBleedingEdge/etc'
Using monoOptions --debugger-agent=transport=dt_socket,embedding=1,server=y,suspend=n,address=127.0.0.1:56816
Begin MonoManager ReloadAssembly
Registering precompiled unity dll's ...
Register platform support module: C:/Program Files/Unity/Hub/Editor/2020.3.1f1/Editor/Data/PlaybackEngines/WindowsStandaloneSupport/UnityEditor.WindowsStandalone.Extensions.dll
Registered in 0.002169 seconds.
Native extension for WindowsStandalone target not found
Refreshing native plugins compatible for Editor in 31.11 ms, found 2 plugins.
Preloading 0 native plugins for Editor in 0.00 ms.
Invoked RoslynAnalysisRunner static constructor.
RoslynAnalysisRunner will not be running.
RoslynAnalysisRunner has terminated.
Mono: successfully reloaded assembly
- Completed reload, in  0.770 seconds
Platform modules already initialized, skipping
Registering precompiled user dll's ...
Registered in 0.004713 seconds.
Begin MonoManager ReloadAssembly
Native extension for WindowsStandalone target not found
Refreshing native plugins compatible for Editor in 0.82 ms, found 2 plugins.
Preloading 0 native plugins for Editor in 0.00 ms.
Invoked RoslynAnalysisRunner static constructor.
RoslynAnalysisRunner will not be running.
RoslynAnalysisRunner has terminated.
Mono: successfully reloaded assembly
- Completed reload, in  0.602 seconds
Platform modules already initialized, skipping
========================================================================
Worker process is ready to serve import requests
Launched and connected shader compiler UnityShaderCompiler.exe after 0.03 seconds
Refreshing native plugins compatible for Editor in 0.89 ms, found 2 plugins.
Preloading 0 native plugins for Editor in 0.00 ms.
Unloading 1879 Unused Serialized files (Serialized files now loaded: 0)
System memory in use before: 86.2 MB.
System memory in use after: 86.3 MB.

Unloading 91 unused Assets to reduce memory usage. Loaded Objects now: 2255.
Total: 1.987400 ms (FindLiveObjects: 0.259600 ms CreateObjectMapping: 0.039800 ms MarkObjects: 1.615500 ms  DeleteObjects: 0.071900 ms)

========================================================================
Received Import Request.
  path: Assets/Scenes
  artifactKey: Guid(149cee2a5bb44314f9ff03a5ac63a81a) Importer(815301076,1909f56bfc062723c751e8b465ee728b)
Start importing Assets/Scenes using Guid(149cee2a5bb44314f9ff03a5ac63a81a) Importer(815301076,1909f56bfc062723c751e8b465ee728b)  -> (artifact id: '44a950b398e9cdfba6deaae341e09387') in 0.008024 seconds
  Import took 0.010399 seconds .

========================================================================
Received Import Request.
  Time since last request: 0.000147 seconds.
  path: Assets/Scenes/Bread.unity
  artifactKey: Guid(eaef43748bc9a094b8a2b3761a744fd2) Importer(815301076,1909f56bfc062723c751e8b465ee728b)
Start importing Assets/Scenes/Bread.unity using Guid(eaef43748bc9a094b8a2b3761a744fd2) Importer(815301076,1909f56bfc062723c751e8b465ee728b)  -> (artifact id: '661e3a658186b876af12805bed514c1b') in 0.011353 seconds
  Import took 0.013801 seconds .

========================================================================
Received Import Request.
  Time since last request: 0.000121 seconds.
  path: Assets/Scenes/WorldPost.asset
  artifactKey: Guid(facb80ed6d1e0de4d864897eff9b8a1d) Importer(815301076,1909f56bfc062723c751e8b465ee728b)
Start importing Assets/Scenes/WorldPost.asset using Guid(facb80ed6d1e0de4d864897eff9b8a1d) Importer(815301076,1909f56bfc062723c751e8b465ee728b)  -> (artifact id: '0e2ec45c62cbc9d35c7f2d3a3e97093f') in 0.032683 seconds
  Import took 0.034882 seconds .

========================================================================
Received Import Request.
  Time since last request: 0.000153 seconds.
  path: Assets/Scenes/SuperPost.asset
  artifactKey: Guid(07c0327879ad2c941bdb2bd29b5d3a48) Importer(815301076,1909f56bfc062723c751e8b465ee728b)
Start importing Assets/Scenes/SuperPost.asset using Guid(07c0327879ad2c941bdb2bd29b5d3a48) Importer(815301076,1909f56bfc062723c751e8b465ee728b)  -> (artifact id: '465ae12b0bbbae5609f8e29ccbf902e5') in 0.005362 seconds
  Import took 0.007658 seconds .

========================================================================
Received Prepare
Registering precompiled user dll's ...
Registered in 0.004772 seconds.
Begin MonoManager ReloadAssembly
Native extension for WindowsStandalone target not found
Refreshing native plugins compatible for Editor in 0.83 ms, found 2 plugins.
Preloading 0 native plugins for Editor in 0.00 ms.
Invoked RoslynAnalysisRunner static constructor.
RoslynAnalysisRunner will not be running.
RoslynAnalysisRunner has terminated.
Mono: successfully reloaded assembly
- Completed reload, in  0.610 seconds
Platform modules already initialized, skipping
Refreshing native plugins compatible for Editor in 0.86 ms, found 2 plugins.
Preloading 0 native plugins for Editor in 0.00 ms.
Unloading 1839 Unused Serialized files (Serialized files now loaded: 0)
System memory in use before: 83.3 MB.
System memory in use after: 83.4 MB.

Unloading 82 unused Assets to reduce memory usage. Loaded Objects now: 2258.
Total: 1.766300 ms (FindLiveObjects: 0.211000 ms CreateObjectMapping: 0.067300 ms MarkObjects: 1.463600 ms  DeleteObjects: 0.023800 ms)

========================================================================
Received Import Request.
  Time since last request: 35.143084 seconds.
  path: Assets/Scenes/3D.unity
  artifactKey: Guid(7fac00e440349244a82cd67e8c0f8f82) Importer(815301076,1909f56bfc062723c751e8b465ee728b)
Start importing Assets/Scenes/3D.unity using Guid(7fac00e440349244a82cd67e8c0f8f82) Importer(815301076,1909f56bfc062723c751e8b465ee728b)  -> (artifact id: '175e490f7396b006d636fb8177552afc') in 0.014049 seconds
  Import took 0.016929 seconds .

========================================================================
Received Prepare
Registering precompiled user dll's ...
Registered in 0.005335 seconds.
Begin MonoManager ReloadAssembly
Native extension for WindowsStandalone target not found
Refreshing native plugins compatible for Editor in 1.03 ms, found 2 plugins.
Preloading 0 native plugins for Editor in 0.00 ms.
Invoked RoslynAnalysisRunner static constructor.
RoslynAnalysisRunner will not be running.
RoslynAnalysisRunner has terminated.
Mono: successfully reloaded assembly
- Completed reload, in  0.640 seconds
Platform modules already initialized, skipping
Refreshing native plugins compatible for Editor in 0.90 ms, found 2 plugins.
Preloading 0 native plugins for Editor in 0.00 ms.
Unloading 1839 Unused Serialized files (Serialized files now loaded: 0)
System memory in use before: 83.4 MB.
System memory in use after: 83.5 MB.

Unloading 82 unused Assets to reduce memory usage. Loaded Objects now: 2261.
Total: 1.659500 ms (FindLiveObjects: 0.211800 ms CreateObjectMapping: 0.041600 ms MarkObjects: 1.379400 ms  DeleteObjects: 0.026200 ms)

AssetImportWorkerClient::OnTransportError - code=2 error=End of file
